{"C:\\Users\\sanie\\Microverse-projects\\myWeeklyProjects\\ToDoList\\src\\modules\\crud.js": {"path":"C:\\Users\\sanie\\Microverse-projects\\myWeeklyProjects\\ToDoList\\src\\modules\\crud.js","statementMap":{"0":{"start":{"line":3,"column":13},"end":{"line":3,"column":44}},"1":{"start":{"line":4,"column":26},"end":{"line":4,"column":33}},"2":{"start":{"line":5,"column":14},"end":{"line":5,"column":15}},"3":{"start":{"line":8,"column":17},"end":{"line":11,"column":1}},"4":{"start":{"line":9,"column":21},"end":{"line":9,"column":67}},"5":{"start":{"line":10,"column":2},"end":{"line":10,"column":50}},"6":{"start":{"line":14,"column":19},"end":{"line":14,"column":29}},"7":{"start":{"line":16,"column":32},"end":{"line":18,"column":1}},"8":{"start":{"line":17,"column":2},"end":{"line":17,"column":72}},"9":{"start":{"line":20,"column":26},"end":{"line":22,"column":1}},"10":{"start":{"line":21,"column":2},"end":{"line":21,"column":51}},"11":{"start":{"line":21,"column":37},"end":{"line":21,"column":49}},"12":{"start":{"line":24,"column":29},"end":{"line":28,"column":1}},"13":{"start":{"line":25,"column":2},"end":{"line":27,"column":5}},"14":{"start":{"line":26,"column":4},"end":{"line":26,"column":23}},"15":{"start":{"line":30,"column":19},"end":{"line":38,"column":1}},"16":{"start":{"line":31,"column":15},"end":{"line":31,"column":17}},"17":{"start":{"line":32,"column":2},"end":{"line":32,"column":33}},"18":{"start":{"line":33,"column":2},"end":{"line":33,"column":25}},"19":{"start":{"line":34,"column":2},"end":{"line":34,"column":21}},"20":{"start":{"line":35,"column":2},"end":{"line":35,"column":19}},"21":{"start":{"line":36,"column":2},"end":{"line":36,"column":18}},"22":{"start":{"line":37,"column":2},"end":{"line":37,"column":21}},"23":{"start":{"line":40,"column":32},"end":{"line":50,"column":1}},"24":{"start":{"line":41,"column":2},"end":{"line":49,"column":5}},"25":{"start":{"line":42,"column":4},"end":{"line":48,"column":5}},"26":{"start":{"line":43,"column":6},"end":{"line":43,"column":60}},"27":{"start":{"line":44,"column":6},"end":{"line":44,"column":42}},"28":{"start":{"line":46,"column":6},"end":{"line":46,"column":52}},"29":{"start":{"line":47,"column":6},"end":{"line":47,"column":43}},"30":{"start":{"line":52,"column":20},"end":{"line":59,"column":1}},"31":{"start":{"line":53,"column":2},"end":{"line":57,"column":3}},"32":{"start":{"line":54,"column":4},"end":{"line":54,"column":45}},"33":{"start":{"line":55,"column":4},"end":{"line":55,"column":23}},"34":{"start":{"line":56,"column":4},"end":{"line":56,"column":16}},"35":{"start":{"line":58,"column":2},"end":{"line":58,"column":15}},"36":{"start":{"line":61,"column":22},"end":{"line":120,"column":1}},"37":{"start":{"line":62,"column":2},"end":{"line":62,"column":22}},"38":{"start":{"line":63,"column":2},"end":{"line":74,"column":5}},"39":{"start":{"line":64,"column":4},"end":{"line":73,"column":13}},"40":{"start":{"line":75,"column":17},"end":{"line":75,"column":63}},"41":{"start":{"line":76,"column":20},"end":{"line":76,"column":69}},"42":{"start":{"line":77,"column":16},"end":{"line":77,"column":63}},"43":{"start":{"line":78,"column":23},"end":{"line":78,"column":71}},"44":{"start":{"line":79,"column":15},"end":{"line":79,"column":71}},"45":{"start":{"line":80,"column":21},"end":{"line":80,"column":57}},"46":{"start":{"line":81,"column":20},"end":{"line":81,"column":59}},"47":{"start":{"line":82,"column":2},"end":{"line":82,"column":20}},"48":{"start":{"line":83,"column":2},"end":{"line":83,"column":29}},"49":{"start":{"line":84,"column":2},"end":{"line":84,"column":21}},"50":{"start":{"line":85,"column":2},"end":{"line":98,"column":6}},"51":{"start":{"line":85,"column":37},"end":{"line":98,"column":4}},"52":{"start":{"line":86,"column":4},"end":{"line":86,"column":50}},"53":{"start":{"line":87,"column":4},"end":{"line":87,"column":41}},"54":{"start":{"line":88,"column":4},"end":{"line":88,"column":42}},"55":{"start":{"line":89,"column":4},"end":{"line":89,"column":53}},"56":{"start":{"line":90,"column":4},"end":{"line":90,"column":40}},"57":{"start":{"line":91,"column":4},"end":{"line":91,"column":44}},"58":{"start":{"line":92,"column":4},"end":{"line":97,"column":7}},"59":{"start":{"line":93,"column":6},"end":{"line":93,"column":24}},"60":{"start":{"line":94,"column":6},"end":{"line":94,"column":22}},"61":{"start":{"line":95,"column":6},"end":{"line":95,"column":25}},"62":{"start":{"line":96,"column":6},"end":{"line":96,"column":15}},"63":{"start":{"line":99,"column":2},"end":{"line":107,"column":6}},"64":{"start":{"line":99,"column":37},"end":{"line":107,"column":4}},"65":{"start":{"line":100,"column":4},"end":{"line":100,"column":23}},"66":{"start":{"line":101,"column":4},"end":{"line":101,"column":47}},"67":{"start":{"line":102,"column":4},"end":{"line":102,"column":38}},"68":{"start":{"line":103,"column":4},"end":{"line":103,"column":50}},"69":{"start":{"line":104,"column":4},"end":{"line":104,"column":41}},"70":{"start":{"line":105,"column":4},"end":{"line":105,"column":43}},"71":{"start":{"line":106,"column":4},"end":{"line":106,"column":43}},"72":{"start":{"line":106,"column":32},"end":{"line":106,"column":41}},"73":{"start":{"line":109,"column":2},"end":{"line":112,"column":6}},"74":{"start":{"line":109,"column":41},"end":{"line":112,"column":4}},"75":{"start":{"line":110,"column":4},"end":{"line":110,"column":69}},"76":{"start":{"line":111,"column":4},"end":{"line":111,"column":23}},"77":{"start":{"line":114,"column":2},"end":{"line":119,"column":5}},"78":{"start":{"line":115,"column":4},"end":{"line":115,"column":45}},"79":{"start":{"line":116,"column":4},"end":{"line":116,"column":23}},"80":{"start":{"line":117,"column":4},"end":{"line":117,"column":20}},"81":{"start":{"line":118,"column":4},"end":{"line":118,"column":13}}},"fnMap":{"0":{"name":"(anonymous_0)","decl":{"start":{"line":8,"column":17},"end":{"line":8,"column":18}},"loc":{"start":{"line":8,"column":23},"end":{"line":11,"column":1}},"line":8},"1":{"name":"(anonymous_1)","decl":{"start":{"line":16,"column":32},"end":{"line":16,"column":33}},"loc":{"start":{"line":16,"column":38},"end":{"line":18,"column":1}},"line":16},"2":{"name":"(anonymous_2)","decl":{"start":{"line":20,"column":26},"end":{"line":20,"column":27}},"loc":{"start":{"line":20,"column":37},"end":{"line":22,"column":1}},"line":20},"3":{"name":"(anonymous_3)","decl":{"start":{"line":21,"column":23},"end":{"line":21,"column":24}},"loc":{"start":{"line":21,"column":37},"end":{"line":21,"column":49}},"line":21},"4":{"name":"(anonymous_4)","decl":{"start":{"line":24,"column":29},"end":{"line":24,"column":30}},"loc":{"start":{"line":24,"column":35},"end":{"line":28,"column":1}},"line":24},"5":{"name":"(anonymous_5)","decl":{"start":{"line":25,"column":16},"end":{"line":25,"column":17}},"loc":{"start":{"line":25,"column":33},"end":{"line":27,"column":3}},"line":25},"6":{"name":"(anonymous_6)","decl":{"start":{"line":30,"column":19},"end":{"line":30,"column":20}},"loc":{"start":{"line":30,"column":36},"end":{"line":38,"column":1}},"line":30},"7":{"name":"(anonymous_7)","decl":{"start":{"line":40,"column":32},"end":{"line":40,"column":33}},"loc":{"start":{"line":40,"column":38},"end":{"line":50,"column":1}},"line":40},"8":{"name":"(anonymous_8)","decl":{"start":{"line":41,"column":16},"end":{"line":41,"column":17}},"loc":{"start":{"line":41,"column":36},"end":{"line":49,"column":3}},"line":41},"9":{"name":"(anonymous_9)","decl":{"start":{"line":52,"column":20},"end":{"line":52,"column":21}},"loc":{"start":{"line":52,"column":40},"end":{"line":59,"column":1}},"line":52},"10":{"name":"(anonymous_10)","decl":{"start":{"line":61,"column":22},"end":{"line":61,"column":23}},"loc":{"start":{"line":61,"column":28},"end":{"line":120,"column":1}},"line":61},"11":{"name":"(anonymous_11)","decl":{"start":{"line":63,"column":16},"end":{"line":63,"column":17}},"loc":{"start":{"line":63,"column":29},"end":{"line":74,"column":3}},"line":63},"12":{"name":"(anonymous_12)","decl":{"start":{"line":85,"column":17},"end":{"line":85,"column":18}},"loc":{"start":{"line":85,"column":37},"end":{"line":98,"column":4}},"line":85},"13":{"name":"(anonymous_13)","decl":{"start":{"line":85,"column":71},"end":{"line":85,"column":72}},"loc":{"start":{"line":85,"column":77},"end":{"line":98,"column":3}},"line":85},"14":{"name":"(anonymous_14)","decl":{"start":{"line":92,"column":50},"end":{"line":92,"column":51}},"loc":{"start":{"line":92,"column":56},"end":{"line":97,"column":5}},"line":92},"15":{"name":"(anonymous_15)","decl":{"start":{"line":99,"column":17},"end":{"line":99,"column":18}},"loc":{"start":{"line":99,"column":37},"end":{"line":107,"column":4}},"line":99},"16":{"name":"(anonymous_16)","decl":{"start":{"line":99,"column":70},"end":{"line":99,"column":71}},"loc":{"start":{"line":99,"column":76},"end":{"line":107,"column":3}},"line":99},"17":{"name":"(anonymous_17)","decl":{"start":{"line":109,"column":21},"end":{"line":109,"column":22}},"loc":{"start":{"line":109,"column":41},"end":{"line":112,"column":4}},"line":109},"18":{"name":"(anonymous_18)","decl":{"start":{"line":109,"column":76},"end":{"line":109,"column":77}},"loc":{"start":{"line":109,"column":82},"end":{"line":112,"column":3}},"line":109},"19":{"name":"(anonymous_19)","decl":{"start":{"line":114,"column":38},"end":{"line":114,"column":39}},"loc":{"start":{"line":114,"column":44},"end":{"line":119,"column":3}},"line":114}},"branchMap":{"0":{"loc":{"start":{"line":10,"column":9},"end":{"line":10,"column":49}},"type":"cond-expr","locations":[{"start":{"line":10,"column":22},"end":{"line":10,"column":44}},{"start":{"line":10,"column":47},"end":{"line":10,"column":49}}],"line":10},"1":{"loc":{"start":{"line":42,"column":4},"end":{"line":48,"column":5}},"type":"if","locations":[{"start":{"line":42,"column":4},"end":{"line":48,"column":5}},{"start":{"line":45,"column":11},"end":{"line":48,"column":5}}],"line":42},"2":{"loc":{"start":{"line":53,"column":2},"end":{"line":57,"column":3}},"type":"if","locations":[{"start":{"line":53,"column":2},"end":{"line":57,"column":3}},{"start":{},"end":{}}],"line":53},"3":{"loc":{"start":{"line":106,"column":4},"end":{"line":106,"column":43}},"type":"if","locations":[{"start":{"line":106,"column":4},"end":{"line":106,"column":43}},{"start":{},"end":{}}],"line":106}},"s":{"0":1,"1":1,"2":1,"3":1,"4":1,"5":1,"6":1,"7":1,"8":5,"9":1,"10":1,"11":2,"12":1,"13":4,"14":8,"15":1,"16":4,"17":4,"18":4,"19":4,"20":4,"21":4,"22":4,"23":1,"24":0,"25":0,"26":0,"27":0,"28":0,"29":0,"30":1,"31":1,"32":1,"33":1,"34":1,"35":0,"36":1,"37":0,"38":0,"39":0,"40":0,"41":0,"42":0,"43":0,"44":0,"45":0,"46":0,"47":0,"48":0,"49":0,"50":0,"51":0,"52":0,"53":0,"54":0,"55":0,"56":0,"57":0,"58":0,"59":0,"60":0,"61":0,"62":0,"63":0,"64":0,"65":0,"66":0,"67":0,"68":0,"69":0,"70":0,"71":0,"72":0,"73":0,"74":0,"75":0,"76":0,"77":0,"78":0,"79":0,"80":0,"81":0},"f":{"0":1,"1":5,"2":1,"3":2,"4":4,"5":8,"6":4,"7":0,"8":0,"9":1,"10":0,"11":0,"12":0,"13":0,"14":0,"15":0,"16":0,"17":0,"18":0,"19":0},"b":{"0":[0,1],"1":[0,0],"2":[1,0],"3":[0,0]},"_coverageSchema":"1a1c01bbd47fc00a2c39e90264f33305004495a9","hash":"1960ce6a7752382356160652d440144f86084d21"}
,"C:\\Users\\sanie\\Microverse-projects\\myWeeklyProjects\\ToDoList\\src\\modules\\interactive.js": {"path":"C:\\Users\\sanie\\Microverse-projects\\myWeeklyProjects\\ToDoList\\src\\modules\\interactive.js","statementMap":{"0":{"start":{"line":1,"column":29},"end":{"line":10,"column":1}},"1":{"start":{"line":2,"column":2},"end":{"line":6,"column":3}},"2":{"start":{"line":3,"column":4},"end":{"line":3,"column":34}},"3":{"start":{"line":4,"column":4},"end":{"line":4,"column":56}},"4":{"start":{"line":5,"column":4},"end":{"line":5,"column":17}},"5":{"start":{"line":7,"column":2},"end":{"line":7,"column":33}},"6":{"start":{"line":8,"column":2},"end":{"line":8,"column":46}},"7":{"start":{"line":9,"column":2},"end":{"line":9,"column":15}},"8":{"start":{"line":12,"column":29},"end":{"line":15,"column":1}},"9":{"start":{"line":13,"column":2},"end":{"line":13,"column":50}},"10":{"start":{"line":13,"column":33},"end":{"line":13,"column":48}},"11":{"start":{"line":14,"column":2},"end":{"line":14,"column":15}}},"fnMap":{"0":{"name":"(anonymous_0)","decl":{"start":{"line":1,"column":29},"end":{"line":1,"column":30}},"loc":{"start":{"line":1,"column":64},"end":{"line":10,"column":1}},"line":1},"1":{"name":"(anonymous_1)","decl":{"start":{"line":12,"column":29},"end":{"line":12,"column":30}},"loc":{"start":{"line":12,"column":40},"end":{"line":15,"column":1}},"line":12},"2":{"name":"(anonymous_2)","decl":{"start":{"line":13,"column":23},"end":{"line":13,"column":24}},"loc":{"start":{"line":13,"column":33},"end":{"line":13,"column":48}},"line":13}},"branchMap":{"0":{"loc":{"start":{"line":2,"column":2},"end":{"line":6,"column":3}},"type":"if","locations":[{"start":{"line":2,"column":2},"end":{"line":6,"column":3}},{"start":{},"end":{}}],"line":2}},"s":{"0":1,"1":0,"2":0,"3":0,"4":0,"5":0,"6":0,"7":0,"8":1,"9":1,"10":3,"11":1},"f":{"0":0,"1":1,"2":3},"b":{"0":[0,0]},"_coverageSchema":"1a1c01bbd47fc00a2c39e90264f33305004495a9","hash":"6dd7138b1dc8c1e98175397c830f24ef7da6bea5"}
}
