TN:
SF:src\modules\crud.js
FN:8,(anonymous_0)
FN:16,(anonymous_1)
FN:20,(anonymous_2)
FN:21,(anonymous_3)
FN:24,(anonymous_4)
FN:25,(anonymous_5)
FN:30,(anonymous_6)
FN:40,(anonymous_7)
FN:41,(anonymous_8)
FN:52,(anonymous_9)
FN:61,(anonymous_10)
FN:63,(anonymous_11)
FN:85,(anonymous_12)
FN:85,(anonymous_13)
FN:92,(anonymous_14)
FN:99,(anonymous_15)
FN:99,(anonymous_16)
FN:109,(anonymous_17)
FN:109,(anonymous_18)
FN:114,(anonymous_19)
FNF:20
FNH:8
FNDA:1,(anonymous_0)
FNDA:5,(anonymous_1)
FNDA:1,(anonymous_2)
FNDA:2,(anonymous_3)
FNDA:4,(anonymous_4)
FNDA:8,(anonymous_5)
FNDA:4,(anonymous_6)
FNDA:0,(anonymous_7)
FNDA:0,(anonymous_8)
FNDA:1,(anonymous_9)
FNDA:0,(anonymous_10)
FNDA:0,(anonymous_11)
FNDA:0,(anonymous_12)
FNDA:0,(anonymous_13)
FNDA:0,(anonymous_14)
FNDA:0,(anonymous_15)
FNDA:0,(anonymous_16)
FNDA:0,(anonymous_17)
FNDA:0,(anonymous_18)
FNDA:0,(anonymous_19)
DA:3,1
DA:4,1
DA:5,1
DA:8,1
DA:9,1
DA:10,1
DA:14,1
DA:16,1
DA:17,5
DA:20,1
DA:21,2
DA:24,1
DA:25,4
DA:26,8
DA:30,1
DA:31,4
DA:32,4
DA:33,4
DA:34,4
DA:35,4
DA:36,4
DA:37,4
DA:40,1
DA:41,0
DA:42,0
DA:43,0
DA:44,0
DA:46,0
DA:47,0
DA:52,1
DA:53,1
DA:54,1
DA:55,1
DA:56,1
DA:58,0
DA:61,1
DA:62,0
DA:63,0
DA:64,0
DA:75,0
DA:76,0
DA:77,0
DA:78,0
DA:79,0
DA:80,0
DA:81,0
DA:82,0
DA:83,0
DA:84,0
DA:85,0
DA:86,0
DA:87,0
DA:88,0
DA:89,0
DA:90,0
DA:91,0
DA:92,0
DA:93,0
DA:94,0
DA:95,0
DA:96,0
DA:99,0
DA:100,0
DA:101,0
DA:102,0
DA:103,0
DA:104,0
DA:105,0
DA:106,0
DA:109,0
DA:110,0
DA:111,0
DA:114,0
DA:115,0
DA:116,0
DA:117,0
DA:118,0
LF:77
LH:29
BRDA:10,0,0,0
BRDA:10,0,1,1
BRDA:42,1,0,0
BRDA:42,1,1,0
BRDA:53,2,0,1
BRDA:53,2,1,0
BRDA:106,3,0,0
BRDA:106,3,1,0
BRF:8
BRH:2
end_of_record
TN:
SF:src\modules\interactive.js
FN:1,(anonymous_0)
FN:12,(anonymous_1)
FN:13,(anonymous_2)
FNF:3
FNH:2
FNDA:0,(anonymous_0)
FNDA:1,(anonymous_1)
FNDA:3,(anonymous_2)
DA:1,1
DA:2,0
DA:3,0
DA:4,0
DA:5,0
DA:7,0
DA:8,0
DA:9,0
DA:12,1
DA:13,3
DA:14,1
LF:11
LH:4
BRDA:2,0,0,0
BRDA:2,0,1,0
BRF:2
BRH:0
end_of_record
